<?xml version="1.0" encoding="UTF-8"?>
<!-- Generated by org.testng.reporters.JUnitXMLReporter -->
<testsuite ignored="0" hostname="L244806" failures="0" tests="6" name="Default test" time="6.201" errors="0" timestamp="2023-11-14T21:00:22 CET">
  <testcase classname="api.test.DataDrivenTests" name="testPostUser" time="2.097"/>
  <testcase classname="api.test.DataDrivenTests" name="testPostUser" time="0.59"/>
  <testcase classname="api.test.DataDrivenTests" name="testPostUser" time="0.586"/>
  <testcase classname="api.test.DataDrivenTests" name="testDeleteUserByName" time="0.615"/>
  <testcase classname="api.test.DataDrivenTests" name="testDeleteUserByName" time="0.582"/>
  <testcase classname="api.test.DataDrivenTests" name="testDeleteUserByName" time="0.593"/>
</testsuite> <!-- Default test -->
