<?xml version="1.0" encoding="UTF-8"?>
<testng-results ignored="0" total="4" passed="4" failed="0" skipped="0">
  <reporter-output>
  </reporter-output>
  <suite started-at="2023-11-15T10:42:54 CET" name="PetSuite" finished-at="2023-11-15T10:42:59 CET" duration-ms="5363">
    <groups>
    </groups>
    <test started-at="2023-11-15T10:42:54 CET" name="PetTest" finished-at="2023-11-15T10:42:59 CET" duration-ms="5363">
      <class name="api.test.UserTests2">
        <test-method is-config="true" signature="setup()[pri:0, instance:api.test.UserTests2@243c4f91]" started-at="2023-11-15T10:42:54 CET" name="setup" finished-at="2023-11-15T10:42:55 CET" duration-ms="601" status="PASS">
          <reporter-output>
          </reporter-output>
        </test-method> <!-- setup -->
        <test-method signature="testPostUser()[pri:1, instance:api.test.UserTests2@243c4f91]" started-at="2023-11-15T10:42:55 CET" name="testPostUser" finished-at="2023-11-15T10:42:57 CET" duration-ms="2145" status="PASS">
          <reporter-output>
          </reporter-output>
        </test-method> <!-- testPostUser -->
        <test-method signature="testGetUserByName()[pri:2, instance:api.test.UserTests2@243c4f91]" started-at="2023-11-15T10:42:57 CET" name="testGetUserByName" finished-at="2023-11-15T10:42:58 CET" duration-ms="625" status="PASS">
          <reporter-output>
          </reporter-output>
        </test-method> <!-- testGetUserByName -->
        <test-method signature="testUpdateUserByName()[pri:3, instance:api.test.UserTests2@243c4f91]" started-at="2023-11-15T10:42:58 CET" name="testUpdateUserByName" finished-at="2023-11-15T10:42:59 CET" duration-ms="1179" status="PASS">
          <reporter-output>
          </reporter-output>
        </test-method> <!-- testUpdateUserByName -->
        <test-method signature="testDeleteUserByName()[pri:4, instance:api.test.UserTests2@243c4f91]" started-at="2023-11-15T10:42:59 CET" name="testDeleteUserByName" finished-at="2023-11-15T10:42:59 CET" duration-ms="593" status="PASS">
          <reporter-output>
          </reporter-output>
        </test-method> <!-- testDeleteUserByName -->
      </class> <!-- api.test.UserTests2 -->
    </test> <!-- PetTest -->
  </suite> <!-- PetSuite -->
</testng-results>
