<?xml version="1.0" encoding="UTF-8"?>
<!-- Generated by org.testng.reporters.JUnitXMLReporter -->
<testsuite ignored="0" hostname="L244806" failures="0" tests="4" name="PetTest" time="5.363" errors="0" timestamp="2023-11-15T10:43:00 CET">
  <testcase classname="api.test.UserTests2" name="testPostUser" time="2.145"/>
  <testcase classname="api.test.UserTests2" name="testGetUserByName" time="0.625"/>
  <testcase classname="api.test.UserTests2" name="testUpdateUserByName" time="1.179"/>
  <testcase classname="api.test.UserTests2" name="testDeleteUserByName" time="0.593"/>
</testsuite> <!-- PetTest -->
