<?xml version="1.0" encoding="UTF-8"?>
<!-- Generated by org.testng.reporters.JUnitXMLReporter -->
<testsuite ignored="0" hostname="L244806" failures="0" tests="6" name="PetTest" time="6.633" errors="0" timestamp="2023-11-15T12:52:07 CET">
  <testcase classname="api.test.DataDrivenTests" name="testPostUser" time="2.011"/>
  <testcase classname="api.test.DataDrivenTests" name="testPostUser" time="0.602"/>
  <testcase classname="api.test.DataDrivenTests" name="testPostUser" time="0.586"/>
  <testcase classname="api.test.DataDrivenTests" name="testDeleteUserByName" time="0.604"/>
  <testcase classname="api.test.DataDrivenTests" name="testDeleteUserByName" time="0.594"/>
  <testcase classname="api.test.DataDrivenTests" name="testDeleteUserByName" time="0.597"/>
</testsuite> <!-- PetTest -->
