<?xml version="1.0" encoding="UTF-8"?>
<!-- Generated by org.testng.reporters.JUnitXMLReporter -->
<testsuite ignored="0" hostname="L244806" failures="0" tests="4" name="PetTest" time="6.095" errors="0" timestamp="2023-11-15T09:34:15 CET">
  <testcase classname="api.test.UserTests2" name="testPostUser" time="2.417"/>
  <testcase classname="api.test.UserTests2" name="testGetUserByName" time="0.618"/>
  <testcase classname="api.test.UserTests2" name="testUpdateUserByName" time="1.231"/>
  <testcase classname="api.test.UserTests2" name="testDeleteUserByName" time="0.586"/>
</testsuite> <!-- PetTest -->
